20:57:30 INFO  : Registering command handlers for SDK TCF services
20:57:31 INFO  : Launching XSCT server: xsct -n -interactive /home/charon/vivado/ZyboZ7_Zynq-I2C-SPI/ZyboZ7_Zynq-I2C-SPI.sdk/temp_xsdb_launch_script.tcl
20:57:33 INFO  : XSCT server has started successfully.
20:57:33 INFO  : Successfully done setting XSCT server connection channel  
20:57:33 INFO  : Successfully done setting SDK workspace  
20:57:33 INFO  : Processing command line option -hwspec /home/charon/vivado/ZyboZ7_Zynq-I2C-SPI/ZyboZ7_Zynq-I2C-SPI.sdk/design_1_wrapper.hdf.
21:05:52 INFO  : SDK has detected change in the last modified timestamps for source hardware specification file Source:1554426332000,  Project:1554425322000
21:05:52 INFO  : Project design_1_wrapper_hw_platform_0's source hardware specification located at /home/charon/vivado/ZyboZ7_Zynq-I2C-SPI/ZyboZ7_Zynq-I2C-SPI.sdk/design_1_wrapper.hdf is now different from the local copy.
		 The local copy will be replaced with the source specification and your workspace will be updated.
21:05:54 INFO  : Copied contents of /home/charon/vivado/ZyboZ7_Zynq-I2C-SPI/ZyboZ7_Zynq-I2C-SPI.sdk/design_1_wrapper.hdf into /design_1_wrapper_hw_platform_0/system.hdf.
21:05:57 INFO  : Synchronizing projects in the workspace with the hardware platform specification changes.
21:05:58 INFO  : 
21:05:58 INFO  : 
21:05:59 INFO  : Updating hardware inferred compiler options for Zynq-I2C-SPI.
21:05:59 INFO  : Clearing existing target manager status.
21:05:59 INFO  : Closing and re-opening the MSS file of ther project standalone_bsp_0
21:05:59 INFO  : Closing and re-opening the MSS file of ther project Zynq-I2C-SPI_bsp
21:06:00 INFO  : Workspace synchronized with the new hardware specification file. Cleaning dependent projects...
21:06:00 WARN  : Linker script will not be updated automatically. Users need to update it manually.
21:24:49 INFO  : Connected to target on host '127.0.0.1' and port '3121'.
21:24:49 INFO  : 'targets -set -filter {jtag_cable_name =~ "Digilent Zybo Z7 210351A8189FA" && level==0} -index 1' command is executed.
21:24:50 INFO  : FPGA configured successfully with bitstream "/home/charon/vivado/ZyboZ7_Zynq-I2C-SPI/ZyboZ7_Zynq-I2C-SPI.sdk/design_1_wrapper_hw_platform_0/design_1_wrapper.bit"
21:24:58 INFO  : 'targets -set -filter {jtag_cable_name =~ "Digilent Zybo Z7 210351A8189FA" && level==0} -index 1' command is executed.
21:24:58 INFO  : 'fpga -state' command is executed.
21:24:58 INFO  : Connected to target on host '127.0.0.1' and port '3121'.
21:24:58 INFO  : Jtag cable 'Digilent Zybo Z7 210351A8189FA' is selected.
21:24:58 INFO  : 'jtag frequency' command is executed.
21:24:58 INFO  : Sourcing of '/home/charon/vivado/ZyboZ7_Zynq-I2C-SPI/ZyboZ7_Zynq-I2C-SPI.sdk/design_1_wrapper_hw_platform_0/ps7_init.tcl' is done.
21:24:58 INFO  : Context for 'APU' is selected.
21:24:58 INFO  : Hardware design information is loaded from '/home/charon/vivado/ZyboZ7_Zynq-I2C-SPI/ZyboZ7_Zynq-I2C-SPI.sdk/design_1_wrapper_hw_platform_0/system.hdf'.
21:24:58 INFO  : 'configparams force-mem-access 1' command is executed.
21:24:58 INFO  : Context for 'APU' is selected.
21:24:58 INFO  : 'stop' command is executed.
21:24:59 INFO  : 'ps7_init' command is executed.
21:24:59 INFO  : 'ps7_post_config' command is executed.
21:24:59 INFO  : Context for processor 'ps7_cortexa9_0' is selected.
21:24:59 INFO  : Processor reset is completed for 'ps7_cortexa9_0'.
21:24:59 INFO  : Context for processor 'ps7_cortexa9_0' is selected.
21:24:59 INFO  : The application '/home/charon/vivado/ZyboZ7_Zynq-I2C-SPI/ZyboZ7_Zynq-I2C-SPI.sdk/Zynq-I2C-SPI/Debug/Zynq-I2C-SPI.elf' is downloaded to processor 'ps7_cortexa9_0'.
21:24:59 INFO  : 'configparams force-mem-access 0' command is executed.
21:24:59 INFO  : ----------------XSDB Script----------------
connect -url tcp:127.0.0.1:3121
source /home/charon/vivado/ZyboZ7_Zynq-I2C-SPI/ZyboZ7_Zynq-I2C-SPI.sdk/design_1_wrapper_hw_platform_0/ps7_init.tcl
targets -set -nocase -filter {name =~"APU*" && jtag_cable_name =~ "Digilent Zybo Z7 210351A8189FA"} -index 0
loadhw -hw /home/charon/vivado/ZyboZ7_Zynq-I2C-SPI/ZyboZ7_Zynq-I2C-SPI.sdk/design_1_wrapper_hw_platform_0/system.hdf -mem-ranges [list {0x40000000 0xbfffffff}]
configparams force-mem-access 1
targets -set -nocase -filter {name =~"APU*" && jtag_cable_name =~ "Digilent Zybo Z7 210351A8189FA"} -index 0
stop
ps7_init
ps7_post_config
targets -set -nocase -filter {name =~ "ARM*#0" && jtag_cable_name =~ "Digilent Zybo Z7 210351A8189FA"} -index 0
rst -processor
targets -set -nocase -filter {name =~ "ARM*#0" && jtag_cable_name =~ "Digilent Zybo Z7 210351A8189FA"} -index 0
dow /home/charon/vivado/ZyboZ7_Zynq-I2C-SPI/ZyboZ7_Zynq-I2C-SPI.sdk/Zynq-I2C-SPI/Debug/Zynq-I2C-SPI.elf
configparams force-mem-access 0
----------------End of Script----------------

21:24:59 INFO  : Memory regions updated for context APU
21:24:59 INFO  : Context for processor 'ps7_cortexa9_0' is selected.
21:24:59 INFO  : 'con' command is executed.
21:24:59 INFO  : ----------------XSDB Script (After Launch)----------------
targets -set -nocase -filter {name =~ "ARM*#0" && jtag_cable_name =~ "Digilent Zybo Z7 210351A8189FA"} -index 0
con
----------------End of Script----------------

21:24:59 INFO  : Launch script is exported to file '/home/charon/vivado/ZyboZ7_Zynq-I2C-SPI/ZyboZ7_Zynq-I2C-SPI.sdk/.sdk/launch_scripts/xilinx_c-c++_application_(system_debugger)/system_debugger_using_debug_zynq-i2c-spi.elf_on_local.tcl'
21:28:39 INFO  : Disconnected from the channel tcfchan#1.
21:28:40 INFO  : 'targets -set -filter {jtag_cable_name =~ "Digilent Zybo Z7 210351A8189FA" && level==0} -index 1' command is executed.
21:28:41 INFO  : 'fpga -state' command is executed.
21:28:41 INFO  : Connected to target on host '127.0.0.1' and port '3121'.
21:28:41 INFO  : Jtag cable 'Digilent Zybo Z7 210351A8189FA' is selected.
21:28:41 INFO  : 'jtag frequency' command is executed.
21:28:41 INFO  : Sourcing of '/home/charon/vivado/ZyboZ7_Zynq-I2C-SPI/ZyboZ7_Zynq-I2C-SPI.sdk/design_1_wrapper_hw_platform_0/ps7_init.tcl' is done.
21:28:41 INFO  : Context for 'APU' is selected.
21:28:42 INFO  : Hardware design information is loaded from '/home/charon/vivado/ZyboZ7_Zynq-I2C-SPI/ZyboZ7_Zynq-I2C-SPI.sdk/design_1_wrapper_hw_platform_0/system.hdf'.
21:28:42 INFO  : 'configparams force-mem-access 1' command is executed.
21:28:42 INFO  : Context for 'APU' is selected.
21:28:42 INFO  : 'stop' command is executed.
21:28:43 INFO  : 'ps7_init' command is executed.
21:28:43 INFO  : 'ps7_post_config' command is executed.
21:28:43 INFO  : Context for processor 'ps7_cortexa9_0' is selected.
21:28:43 INFO  : Processor reset is completed for 'ps7_cortexa9_0'.
21:28:43 INFO  : Context for processor 'ps7_cortexa9_0' is selected.
21:28:43 INFO  : The application '/home/charon/vivado/ZyboZ7_Zynq-I2C-SPI/ZyboZ7_Zynq-I2C-SPI.sdk/Zynq-I2C-SPI/Debug/Zynq-I2C-SPI.elf' is downloaded to processor 'ps7_cortexa9_0'.
21:28:43 INFO  : 'configparams force-mem-access 0' command is executed.
21:28:43 INFO  : ----------------XSDB Script----------------
connect -url tcp:127.0.0.1:3121
source /home/charon/vivado/ZyboZ7_Zynq-I2C-SPI/ZyboZ7_Zynq-I2C-SPI.sdk/design_1_wrapper_hw_platform_0/ps7_init.tcl
targets -set -nocase -filter {name =~"APU*" && jtag_cable_name =~ "Digilent Zybo Z7 210351A8189FA"} -index 0
loadhw -hw /home/charon/vivado/ZyboZ7_Zynq-I2C-SPI/ZyboZ7_Zynq-I2C-SPI.sdk/design_1_wrapper_hw_platform_0/system.hdf -mem-ranges [list {0x40000000 0xbfffffff}]
configparams force-mem-access 1
targets -set -nocase -filter {name =~"APU*" && jtag_cable_name =~ "Digilent Zybo Z7 210351A8189FA"} -index 0
stop
ps7_init
ps7_post_config
targets -set -nocase -filter {name =~ "ARM*#0" && jtag_cable_name =~ "Digilent Zybo Z7 210351A8189FA"} -index 0
rst -processor
targets -set -nocase -filter {name =~ "ARM*#0" && jtag_cable_name =~ "Digilent Zybo Z7 210351A8189FA"} -index 0
dow /home/charon/vivado/ZyboZ7_Zynq-I2C-SPI/ZyboZ7_Zynq-I2C-SPI.sdk/Zynq-I2C-SPI/Debug/Zynq-I2C-SPI.elf
configparams force-mem-access 0
----------------End of Script----------------

21:28:43 INFO  : Memory regions updated for context APU
21:28:43 INFO  : Context for processor 'ps7_cortexa9_0' is selected.
21:28:43 INFO  : 'con' command is executed.
21:28:43 INFO  : ----------------XSDB Script (After Launch)----------------
targets -set -nocase -filter {name =~ "ARM*#0" && jtag_cable_name =~ "Digilent Zybo Z7 210351A8189FA"} -index 0
con
----------------End of Script----------------

21:28:43 INFO  : Launch script is exported to file '/home/charon/vivado/ZyboZ7_Zynq-I2C-SPI/ZyboZ7_Zynq-I2C-SPI.sdk/.sdk/launch_scripts/xilinx_c-c++_application_(system_debugger)/system_debugger_using_debug_zynq-i2c-spi.elf_on_local.tcl'
22:30:29 INFO  : Disconnected from the channel tcfchan#2.
22:30:54 INFO  : 'targets -set -filter {jtag_cable_name =~ "Digilent Zybo Z7 210351A8189FA" && level==0} -index 1' command is executed.
22:30:54 INFO  : 'fpga -state' command is executed.
22:30:54 INFO  : Connected to target on host '127.0.0.1' and port '3121'.
22:30:54 INFO  : Jtag cable 'Digilent Zybo Z7 210351A8189FA' is selected.
22:30:54 INFO  : 'jtag frequency' command is executed.
22:30:54 INFO  : Sourcing of '/home/charon/vivado/ZyboZ7_Zynq-I2C-SPI/ZyboZ7_Zynq-I2C-SPI.sdk/design_1_wrapper_hw_platform_0/ps7_init.tcl' is done.
22:30:54 INFO  : Context for 'APU' is selected.
22:30:54 INFO  : Hardware design information is loaded from '/home/charon/vivado/ZyboZ7_Zynq-I2C-SPI/ZyboZ7_Zynq-I2C-SPI.sdk/design_1_wrapper_hw_platform_0/system.hdf'.
22:30:54 INFO  : 'configparams force-mem-access 1' command is executed.
22:30:54 INFO  : Context for 'APU' is selected.
22:30:54 INFO  : 'stop' command is executed.
22:30:55 INFO  : 'ps7_init' command is executed.
22:30:55 INFO  : 'ps7_post_config' command is executed.
22:30:55 INFO  : Context for processor 'ps7_cortexa9_0' is selected.
22:30:55 INFO  : Processor reset is completed for 'ps7_cortexa9_0'.
22:30:55 INFO  : Context for processor 'ps7_cortexa9_0' is selected.
22:30:55 INFO  : The application '/home/charon/vivado/ZyboZ7_Zynq-I2C-SPI/ZyboZ7_Zynq-I2C-SPI.sdk/Zynq-I2C-SPI/Debug/Zynq-I2C-SPI.elf' is downloaded to processor 'ps7_cortexa9_0'.
22:30:55 INFO  : 'configparams force-mem-access 0' command is executed.
22:30:55 INFO  : ----------------XSDB Script----------------
connect -url tcp:127.0.0.1:3121
source /home/charon/vivado/ZyboZ7_Zynq-I2C-SPI/ZyboZ7_Zynq-I2C-SPI.sdk/design_1_wrapper_hw_platform_0/ps7_init.tcl
targets -set -nocase -filter {name =~"APU*" && jtag_cable_name =~ "Digilent Zybo Z7 210351A8189FA"} -index 0
loadhw -hw /home/charon/vivado/ZyboZ7_Zynq-I2C-SPI/ZyboZ7_Zynq-I2C-SPI.sdk/design_1_wrapper_hw_platform_0/system.hdf -mem-ranges [list {0x40000000 0xbfffffff}]
configparams force-mem-access 1
targets -set -nocase -filter {name =~"APU*" && jtag_cable_name =~ "Digilent Zybo Z7 210351A8189FA"} -index 0
stop
ps7_init
ps7_post_config
targets -set -nocase -filter {name =~ "ARM*#0" && jtag_cable_name =~ "Digilent Zybo Z7 210351A8189FA"} -index 0
rst -processor
targets -set -nocase -filter {name =~ "ARM*#0" && jtag_cable_name =~ "Digilent Zybo Z7 210351A8189FA"} -index 0
dow /home/charon/vivado/ZyboZ7_Zynq-I2C-SPI/ZyboZ7_Zynq-I2C-SPI.sdk/Zynq-I2C-SPI/Debug/Zynq-I2C-SPI.elf
configparams force-mem-access 0
----------------End of Script----------------

22:30:55 INFO  : Memory regions updated for context APU
22:30:55 INFO  : Context for processor 'ps7_cortexa9_0' is selected.
22:30:55 INFO  : 'con' command is executed.
22:30:55 INFO  : ----------------XSDB Script (After Launch)----------------
targets -set -nocase -filter {name =~ "ARM*#0" && jtag_cable_name =~ "Digilent Zybo Z7 210351A8189FA"} -index 0
con
----------------End of Script----------------

22:30:55 INFO  : Launch script is exported to file '/home/charon/vivado/ZyboZ7_Zynq-I2C-SPI/ZyboZ7_Zynq-I2C-SPI.sdk/.sdk/launch_scripts/xilinx_c-c++_application_(system_debugger)/system_debugger_using_debug_zynq-i2c-spi.elf_on_local.tcl'
22:30:58 INFO  : Connected to target on host '127.0.0.1' and port '3121'.
22:30:58 INFO  : 'targets -set -filter {jtag_cable_name =~ "Digilent Zybo Z7 210351A8189FA" && level==0} -index 1' command is executed.
22:31:00 INFO  : FPGA configured successfully with bitstream "/home/charon/vivado/ZyboZ7_Zynq-I2C-SPI/ZyboZ7_Zynq-I2C-SPI.sdk/design_1_wrapper_hw_platform_0/design_1_wrapper.bit"
22:31:05 INFO  : Disconnected from the channel tcfchan#3.
22:31:06 INFO  : 'targets -set -filter {jtag_cable_name =~ "Digilent Zybo Z7 210351A8189FA" && level==0} -index 1' command is executed.
22:31:06 INFO  : 'fpga -state' command is executed.
22:31:06 INFO  : Connected to target on host '127.0.0.1' and port '3121'.
22:31:07 INFO  : Jtag cable 'Digilent Zybo Z7 210351A8189FA' is selected.
22:31:07 INFO  : 'jtag frequency' command is executed.
22:31:07 INFO  : Sourcing of '/home/charon/vivado/ZyboZ7_Zynq-I2C-SPI/ZyboZ7_Zynq-I2C-SPI.sdk/design_1_wrapper_hw_platform_0/ps7_init.tcl' is done.
22:31:07 INFO  : Context for 'APU' is selected.
22:31:07 INFO  : Hardware design information is loaded from '/home/charon/vivado/ZyboZ7_Zynq-I2C-SPI/ZyboZ7_Zynq-I2C-SPI.sdk/design_1_wrapper_hw_platform_0/system.hdf'.
22:31:07 INFO  : 'configparams force-mem-access 1' command is executed.
22:31:07 INFO  : Context for 'APU' is selected.
22:31:07 INFO  : 'stop' command is executed.
22:31:07 INFO  : 'ps7_init' command is executed.
22:31:07 INFO  : 'ps7_post_config' command is executed.
22:31:07 INFO  : Context for processor 'ps7_cortexa9_0' is selected.
22:31:07 INFO  : Processor reset is completed for 'ps7_cortexa9_0'.
22:31:07 INFO  : Context for processor 'ps7_cortexa9_0' is selected.
22:31:07 INFO  : The application '/home/charon/vivado/ZyboZ7_Zynq-I2C-SPI/ZyboZ7_Zynq-I2C-SPI.sdk/Zynq-I2C-SPI/Debug/Zynq-I2C-SPI.elf' is downloaded to processor 'ps7_cortexa9_0'.
22:31:07 INFO  : 'configparams force-mem-access 0' command is executed.
22:31:07 INFO  : ----------------XSDB Script----------------
connect -url tcp:127.0.0.1:3121
source /home/charon/vivado/ZyboZ7_Zynq-I2C-SPI/ZyboZ7_Zynq-I2C-SPI.sdk/design_1_wrapper_hw_platform_0/ps7_init.tcl
targets -set -nocase -filter {name =~"APU*" && jtag_cable_name =~ "Digilent Zybo Z7 210351A8189FA"} -index 0
loadhw -hw /home/charon/vivado/ZyboZ7_Zynq-I2C-SPI/ZyboZ7_Zynq-I2C-SPI.sdk/design_1_wrapper_hw_platform_0/system.hdf -mem-ranges [list {0x40000000 0xbfffffff}]
configparams force-mem-access 1
targets -set -nocase -filter {name =~"APU*" && jtag_cable_name =~ "Digilent Zybo Z7 210351A8189FA"} -index 0
stop
ps7_init
ps7_post_config
targets -set -nocase -filter {name =~ "ARM*#0" && jtag_cable_name =~ "Digilent Zybo Z7 210351A8189FA"} -index 0
rst -processor
targets -set -nocase -filter {name =~ "ARM*#0" && jtag_cable_name =~ "Digilent Zybo Z7 210351A8189FA"} -index 0
dow /home/charon/vivado/ZyboZ7_Zynq-I2C-SPI/ZyboZ7_Zynq-I2C-SPI.sdk/Zynq-I2C-SPI/Debug/Zynq-I2C-SPI.elf
configparams force-mem-access 0
----------------End of Script----------------

22:31:07 INFO  : Memory regions updated for context APU
22:31:07 INFO  : Context for processor 'ps7_cortexa9_0' is selected.
22:31:07 INFO  : 'con' command is executed.
22:31:07 INFO  : ----------------XSDB Script (After Launch)----------------
targets -set -nocase -filter {name =~ "ARM*#0" && jtag_cable_name =~ "Digilent Zybo Z7 210351A8189FA"} -index 0
con
----------------End of Script----------------

22:31:07 INFO  : Launch script is exported to file '/home/charon/vivado/ZyboZ7_Zynq-I2C-SPI/ZyboZ7_Zynq-I2C-SPI.sdk/.sdk/launch_scripts/xilinx_c-c++_application_(system_debugger)/system_debugger_using_debug_zynq-i2c-spi.elf_on_local.tcl'
22:36:38 INFO  : Disconnected from the channel tcfchan#4.
22:36:39 INFO  : 'targets -set -filter {jtag_cable_name =~ "Digilent Zybo Z7 210351A8189FA" && level==0} -index 1' command is executed.
22:36:39 INFO  : 'fpga -state' command is executed.
22:36:39 INFO  : Connected to target on host '127.0.0.1' and port '3121'.
22:36:39 INFO  : Jtag cable 'Digilent Zybo Z7 210351A8189FA' is selected.
22:36:39 INFO  : 'jtag frequency' command is executed.
22:36:39 INFO  : Sourcing of '/home/charon/vivado/ZyboZ7_Zynq-I2C-SPI/ZyboZ7_Zynq-I2C-SPI.sdk/design_1_wrapper_hw_platform_0/ps7_init.tcl' is done.
22:36:39 INFO  : Context for 'APU' is selected.
22:36:39 INFO  : Hardware design information is loaded from '/home/charon/vivado/ZyboZ7_Zynq-I2C-SPI/ZyboZ7_Zynq-I2C-SPI.sdk/design_1_wrapper_hw_platform_0/system.hdf'.
22:36:39 INFO  : 'configparams force-mem-access 1' command is executed.
22:36:39 INFO  : Context for 'APU' is selected.
22:36:39 INFO  : 'stop' command is executed.
22:36:39 INFO  : 'ps7_init' command is executed.
22:36:39 INFO  : 'ps7_post_config' command is executed.
22:36:40 INFO  : Context for processor 'ps7_cortexa9_0' is selected.
22:36:40 INFO  : Processor reset is completed for 'ps7_cortexa9_0'.
22:36:40 INFO  : Context for processor 'ps7_cortexa9_0' is selected.
22:36:40 INFO  : The application '/home/charon/vivado/ZyboZ7_Zynq-I2C-SPI/ZyboZ7_Zynq-I2C-SPI.sdk/Zynq-I2C-SPI/Debug/Zynq-I2C-SPI.elf' is downloaded to processor 'ps7_cortexa9_0'.
22:36:40 INFO  : 'configparams force-mem-access 0' command is executed.
22:36:40 INFO  : ----------------XSDB Script----------------
connect -url tcp:127.0.0.1:3121
source /home/charon/vivado/ZyboZ7_Zynq-I2C-SPI/ZyboZ7_Zynq-I2C-SPI.sdk/design_1_wrapper_hw_platform_0/ps7_init.tcl
targets -set -nocase -filter {name =~"APU*" && jtag_cable_name =~ "Digilent Zybo Z7 210351A8189FA"} -index 0
loadhw -hw /home/charon/vivado/ZyboZ7_Zynq-I2C-SPI/ZyboZ7_Zynq-I2C-SPI.sdk/design_1_wrapper_hw_platform_0/system.hdf -mem-ranges [list {0x40000000 0xbfffffff}]
configparams force-mem-access 1
targets -set -nocase -filter {name =~"APU*" && jtag_cable_name =~ "Digilent Zybo Z7 210351A8189FA"} -index 0
stop
ps7_init
ps7_post_config
targets -set -nocase -filter {name =~ "ARM*#0" && jtag_cable_name =~ "Digilent Zybo Z7 210351A8189FA"} -index 0
rst -processor
targets -set -nocase -filter {name =~ "ARM*#0" && jtag_cable_name =~ "Digilent Zybo Z7 210351A8189FA"} -index 0
dow /home/charon/vivado/ZyboZ7_Zynq-I2C-SPI/ZyboZ7_Zynq-I2C-SPI.sdk/Zynq-I2C-SPI/Debug/Zynq-I2C-SPI.elf
configparams force-mem-access 0
----------------End of Script----------------

22:36:40 INFO  : Memory regions updated for context APU
22:36:40 INFO  : Context for processor 'ps7_cortexa9_0' is selected.
22:36:40 INFO  : 'con' command is executed.
22:36:40 INFO  : ----------------XSDB Script (After Launch)----------------
targets -set -nocase -filter {name =~ "ARM*#0" && jtag_cable_name =~ "Digilent Zybo Z7 210351A8189FA"} -index 0
con
----------------End of Script----------------

22:36:40 INFO  : Launch script is exported to file '/home/charon/vivado/ZyboZ7_Zynq-I2C-SPI/ZyboZ7_Zynq-I2C-SPI.sdk/.sdk/launch_scripts/xilinx_c-c++_application_(system_debugger)/system_debugger_using_debug_zynq-i2c-spi.elf_on_local.tcl'
23:38:28 INFO  : Disconnected from the channel tcfchan#5.
23:38:29 INFO  : 'targets -set -filter {jtag_cable_name =~ "Digilent Zybo Z7 210351A8189FA" && level==0} -index 1' command is executed.
23:38:29 INFO  : 'fpga -state' command is executed.
23:38:29 INFO  : Connected to target on host '127.0.0.1' and port '3121'.
23:38:29 INFO  : Jtag cable 'Digilent Zybo Z7 210351A8189FA' is selected.
23:38:29 INFO  : 'jtag frequency' command is executed.
23:38:29 INFO  : Sourcing of '/home/charon/vivado/ZyboZ7_Zynq-I2C-SPI/ZyboZ7_Zynq-I2C-SPI.sdk/design_1_wrapper_hw_platform_0/ps7_init.tcl' is done.
23:38:29 INFO  : Context for 'APU' is selected.
23:38:29 INFO  : Hardware design information is loaded from '/home/charon/vivado/ZyboZ7_Zynq-I2C-SPI/ZyboZ7_Zynq-I2C-SPI.sdk/design_1_wrapper_hw_platform_0/system.hdf'.
23:38:29 INFO  : 'configparams force-mem-access 1' command is executed.
23:38:29 INFO  : Context for 'APU' is selected.
23:38:29 INFO  : 'stop' command is executed.
23:38:29 INFO  : 'ps7_init' command is executed.
23:38:29 INFO  : 'ps7_post_config' command is executed.
23:38:29 INFO  : Context for processor 'ps7_cortexa9_0' is selected.
23:38:29 INFO  : Processor reset is completed for 'ps7_cortexa9_0'.
23:38:29 INFO  : Context for processor 'ps7_cortexa9_0' is selected.
23:38:30 INFO  : The application '/home/charon/vivado/ZyboZ7_Zynq-I2C-SPI/ZyboZ7_Zynq-I2C-SPI.sdk/Zynq-I2C-SPI/Debug/Zynq-I2C-SPI.elf' is downloaded to processor 'ps7_cortexa9_0'.
23:38:30 INFO  : 'configparams force-mem-access 0' command is executed.
23:38:30 INFO  : ----------------XSDB Script----------------
connect -url tcp:127.0.0.1:3121
source /home/charon/vivado/ZyboZ7_Zynq-I2C-SPI/ZyboZ7_Zynq-I2C-SPI.sdk/design_1_wrapper_hw_platform_0/ps7_init.tcl
targets -set -nocase -filter {name =~"APU*" && jtag_cable_name =~ "Digilent Zybo Z7 210351A8189FA"} -index 0
loadhw -hw /home/charon/vivado/ZyboZ7_Zynq-I2C-SPI/ZyboZ7_Zynq-I2C-SPI.sdk/design_1_wrapper_hw_platform_0/system.hdf -mem-ranges [list {0x40000000 0xbfffffff}]
configparams force-mem-access 1
targets -set -nocase -filter {name =~"APU*" && jtag_cable_name =~ "Digilent Zybo Z7 210351A8189FA"} -index 0
stop
ps7_init
ps7_post_config
targets -set -nocase -filter {name =~ "ARM*#0" && jtag_cable_name =~ "Digilent Zybo Z7 210351A8189FA"} -index 0
rst -processor
targets -set -nocase -filter {name =~ "ARM*#0" && jtag_cable_name =~ "Digilent Zybo Z7 210351A8189FA"} -index 0
dow /home/charon/vivado/ZyboZ7_Zynq-I2C-SPI/ZyboZ7_Zynq-I2C-SPI.sdk/Zynq-I2C-SPI/Debug/Zynq-I2C-SPI.elf
configparams force-mem-access 0
----------------End of Script----------------

23:38:30 INFO  : Memory regions updated for context APU
23:38:30 INFO  : Context for processor 'ps7_cortexa9_0' is selected.
23:38:30 INFO  : 'con' command is executed.
23:38:30 INFO  : ----------------XSDB Script (After Launch)----------------
targets -set -nocase -filter {name =~ "ARM*#0" && jtag_cable_name =~ "Digilent Zybo Z7 210351A8189FA"} -index 0
con
----------------End of Script----------------

23:38:30 INFO  : Launch script is exported to file '/home/charon/vivado/ZyboZ7_Zynq-I2C-SPI/ZyboZ7_Zynq-I2C-SPI.sdk/.sdk/launch_scripts/xilinx_c-c++_application_(system_debugger)/system_debugger_using_debug_zynq-i2c-spi.elf_on_local.tcl'
